
> client@0.1.0 dev
> next dev

   ▲ Next.js 15.4.3
   - Local:        http://localhost:3000
   - Network:      http://10.73.47.226:3000
   - Environments: .env

 ✓ Starting...
 ✓ Ready in 4.4s
 ○ Compiling / ...
 ✓ Compiled / in 15s (766 modules)
redux-persist failed to create sync storage. falling back to noop storage.
 GET / 200 in 17053ms
 ✓ Compiled in 530ms (319 modules)
 ✓ Compiled in 361ms (319 modules)
 GET / 200 in 361ms
 GET / 200 in 30ms
 ✓ Compiled in 268ms (319 modules)
 GET / 200 in 38ms
 ✓ Compiled in 739ms (319 modules)
 GET / 200 in 123ms
 GET / 200 in 54ms
 GET / 200 in 52ms
 GET / 200 in 100ms
 ✓ Compiled in 325ms (319 modules)
 GET / 200 in 51ms
 ✓ Compiled in 304ms (319 modules)
 GET / 200 in 56ms
 GET / 200 in 93ms
 ✓ Compiled in 379ms (319 modules)
 GET / 200 in 23ms
[?25h
